<?xml version="1.0" encoding="UTF-8"?>
<testng-results ignored="0" total="1" passed="1" failed="0" skipped="0">
  <reporter-output>
  </reporter-output>
  <suite started-at="2021-02-22T20:49:49 CET" name="AllTestsSuite" finished-at="2021-02-22T20:50:07 CET" duration-ms="18284">
    <groups>
    </groups>
    <test started-at="2021-02-22T20:49:49 CET" name="XOX" finished-at="2021-02-22T20:50:07 CET" duration-ms="18284">
      <class name="TestMobile">
        <test-method is-config="true" signature="setUp()[pri:0, instance:TestMobile@77167fb7]" started-at="2021-02-22T20:49:49 CET" name="setUp" finished-at="2021-02-22T20:49:59 CET" duration-ms="9962" status="PASS">
          <reporter-output>
          </reporter-output>
        </test-method> <!-- setUp -->
        <test-method signature="testCal()[pri:0, instance:TestMobile@77167fb7]" started-at="2021-02-22T20:49:59 CET" name="testCal" finished-at="2021-02-22T20:50:07 CET" duration-ms="8301" status="PASS">
          <reporter-output>
          </reporter-output>
        </test-method> <!-- testCal -->
      </class> <!-- TestMobile -->
    </test> <!-- XOX -->
  </suite> <!-- AllTestsSuite -->
</testng-results>
